<?xml version="1.0" encoding="UTF-8"?>
<!-- Generated by org.testng.reporters.JUnitReportReporter -->
<testsuite hostname="LTIN236292" failures="0" tests="1" name="pages.scenario1" time="6.248" errors="0" timestamp="2022-01-22T17:06:56 IST" skipped="0">
  <testcase classname="pages.scenario1" name="testing" time="6.248"/>
  <system-out/>
</testsuite> <!-- pages.scenario1 -->
