<?xml version="1.0" encoding="UTF-8"?>
<!-- Generated by org.testng.reporters.JUnitReportReporter -->
<testsuite hostname="LTIN236292" failures="0" tests="6" name="testcases.Main" time="152.957" errors="0" timestamp="2022-01-30T21:57:37 IST" skipped="0">
  <testcase classname="testcases.Main" name="LogIn" time="10.181"/>
  <system-out/>
  <testcase classname="testcases.Main" name="fetchUserName" time="26.852"/>
  <system-out/>
  <testcase classname="testcases.Main" name="price" time="7.867"/>
  <system-out/>
  <testcase classname="testcases.Main" name="Myapp" time="5.489"/>
  <system-out/>
  <testcase classname="testcases.Main" name="office" time="1.225"/>
  <system-out/>
  <testcase classname="testcases.Main" name="company" time="101.343"/>
  <system-out/>
</testsuite> <!-- testcases.Main -->
