<?xml version="1.0" encoding="UTF-8"?>
<!-- Generated by org.testng.reporters.JUnitReportReporter -->
<testsuite hostname="LTIN236292" failures="0" tests="1" name="pages.FormFilling" time="62.960" errors="0" timestamp="2022-01-13T16:07:24 IST" skipped="0">
  <testcase classname="pages.FormFilling" name="homePage" time="62.960"/>
  <system-out/>
</testsuite> <!-- pages.FormFilling -->
