<?xml version="1.0" encoding="UTF-8"?>
<!-- Generated by org.testng.reporters.JUnitReportReporter -->
<testsuite hostname="LTIN236292" failures="0" tests="3" name="testcases.MainPage" time="79.089" errors="0" timestamp="2022-01-21T19:07:17 IST" skipped="0">
  <testcase classname="testcases.MainPage" name="GetcourseDetails" time="23.787"/>
  <system-out/>
  <testcase classname="testcases.MainPage" name="Extract" time="9.582"/>
  <system-out/>
  <testcase classname="testcases.MainPage" name="formFilling" time="45.720"/>
  <system-out/>
</testsuite> <!-- testcases.MainPage -->
