<?xml version="1.0" encoding="UTF-8"?>
<!-- Generated by org.testng.reporters.JUnitReportReporter -->
<testsuite hostname="LTIN236292" failures="0" tests="2" name="pages.Scenario2" time="2.708" errors="0" timestamp="2022-01-11T19:07:33 IST" skipped="0">
  <testcase classname="pages.Scenario2" name="LanguageCount" time="2.543"/>
  <system-out/>
  <testcase classname="pages.Scenario2" name="LevelCount" time="0.165"/>
  <system-out/>
</testsuite> <!-- pages.Scenario2 -->
